C51 COMPILER V9.54   EEPROM                                                                10/06/2023 11:01:55 PAGE 1   


C51 COMPILER V9.54, COMPILATION OF MODULE EEPROM
OBJECT MODULE PLACED IN .\Objects\EEPROM.obj
COMPILER INVOKED BY: E:\Keil_v4\C51\BIN\C51.EXE C and H\EEPROM.c OPTIMIZE(8,SPEED) BROWSE INCDIR(.\C and H) DEBUG OBJECT
                    -EXTEND PRINT(.\Listings\EEPROM.lst) OBJECT(.\Objects\EEPROM.obj)

line level    source

   1          #include "all.h"
   2          
   3          void EEPROM_Wipe512_Drive(u8 ADDRH)     //清空某个扇区 
   4          {
   5   1              IAP_ADDRH=ADDRH;
   6   1              IAP_CONTR|=0X82;
   7   1              IAP_CMD=0X03;
   8   1              IAP_TRIG=0X5A;
   9   1              IAP_TRIG=0XA5;
  10   1      }
  11          u8 EEPROM_Read_Byte_Drive(u8 ADDRH,u8 ADDRL)    //读某个扇区数据
  12          {
  13   1              u8 idata DATA;
  14   1              IAP_ADDRH=ADDRH;
  15   1              IAP_ADDRL=ADDRL;
  16   1              IAP_CONTR|=0X82;
  17   1              IAP_CMD=0X01;
  18   1              IAP_TRIG=0X5A;
  19   1              IAP_TRIG=0XA5;
  20   1              DATA=IAP_DATA;
  21   1              return  DATA;
  22   1      }
  23          void EEPROM_Write_Byte_Drive(u8 ADDRH,u8 ADDRL,u8 Byte)//往某个扇区写数据
  24          { 
  25   1              IAP_ADDRH=ADDRH;
  26   1              IAP_ADDRL=ADDRL;
  27   1              IAP_DATA=Byte;
  28   1              IAP_CONTR|=0X82;
  29   1              IAP_CMD=0X02;
  30   1              IAP_TRIG=0X5A;
  31   1              IAP_TRIG=0XA5;
  32   1      }
  33          //u16 EEPROM_Read_Byte(u8 ADDRH)        //读ADDRH扇区数据连续2个字节
  34          //{
  35          //      u16 xdata DATA;
  36          //      DATA=(EEPROM_Read_Byte_Drive(ADDRH,0)*256)+
  37          //               EEPROM_Read_Byte_Drive(ADDRH,1);
  38          //      return  DATA;
  39          //}
  40          //void EEPROM_Write_Byte(u8 ADDRH,u16 Byte)//往ADDRH扇区写2字节数据
  41          //{
  42          //      EEPROM_Wipe512_Drive(ADDRH);
  43          //      EEPROM_Write_Byte_Drive(ADDRH,0,((Byte>>8)&0xff));
  44          //      EEPROM_Write_Byte_Drive(ADDRH,1,(Byte&0xff));
  45          //}
  46          //void EEPROM_Init()//扇区全写0
  47          //{
  48          //      u8 i,j;
  49          //      for(i=0;i<4;i++)
  50          //      {
  51          //              EEPROM_Wipe512_Drive(i*2);
  52          //              for(j=0;j<4;j++)
  53          //              {
  54          //                      EEPROM_Write_Byte_Drive(i*2,j,0);//往某个扇区写数据
C51 COMPILER V9.54   EEPROM                                                                10/06/2023 11:01:55 PAGE 2   

  55          //              }
  56          //      }
  57          //}


MODULE INFORMATION:   STATIC OVERLAYABLE
   CODE SIZE        =     57    ----
   CONSTANT SIZE    =   ----    ----
   XDATA SIZE       =   ----    ----
   PDATA SIZE       =   ----    ----
   DATA SIZE        =   ----    ----
   IDATA SIZE       =   ----       1
   BIT SIZE         =   ----    ----
END OF MODULE INFORMATION.


C51 COMPILATION COMPLETE.  0 WARNING(S),  0 ERROR(S)
