C51 COMPILER V9.54   KEY_DRIVE                                                             10/06/2023 11:01:56 PAGE 1   


C51 COMPILER V9.54, COMPILATION OF MODULE KEY_DRIVE
OBJECT MODULE PLACED IN .\Objects\KEY_Drive.obj
COMPILER INVOKED BY: E:\Keil_v4\C51\BIN\C51.EXE C and H\KEY_Drive.c OPTIMIZE(8,SPEED) BROWSE INCDIR(.\C and H) DEBUG OBJ
                    -ECTEXTEND PRINT(.\Listings\KEY_Drive.lst) OBJECT(.\Objects\KEY_Drive.obj)

line level    source

   1          #include "all.h"
   2          
   3          u8 xdata Read_Byte_key=KEY_NO;
   4          u8 xdata Key_Save=0;
   5          
   6          void KEY_Init()
   7          {
   8   1              KEY_Run=1;
   9   1      }
  10          
  11          void KEY_Scan_Ser()
  12          {
  13   1              static xdata u8 count=0,key_flag=1;
  14   1              
  15   1              if(KEY_Run==0 && key_flag==1)
  16   1              {
  17   2                      count++;
  18   2                      if(count>200)
  19   2                      {
  20   3                              count=0;
  21   3                              if(KEY_Run==0)
  22   3                              {
  23   4                                      key_flag=0;
  24   4                                      if(Run_Flag)
  25   4                                      {
  26   5                                              if(RS485_Flag==0 && RS485_Busy==0)
  27   5                                              {
  28   6                                                      Read_Byte_key=KEY_M;    
  29   6                                                      RS485_Flag=1;
  30   6                                                      Key_Save = KEY_M;
  31   6                                              }
  32   5                                      }
  33   4                                      else
  34   4                                      {
  35   5                                              if(RS485_Flag==0 && RS485_Busy==0)
  36   5                                              {
  37   6                                                      Read_Byte_key=KEY_S;    
  38   6                                                      RS485_Flag=1;
  39   6                                                      Key_Save = KEY_S;
  40   6                                              }
  41   5                                      }       
  42   4                              }
  43   3                      }
  44   2              }
  45   1              else if(KEY_Run==1)
  46   1              {
  47   2                      key_flag=1;
  48   2              }
  49   1      }
  50          
  51          


MODULE INFORMATION:   STATIC OVERLAYABLE
C51 COMPILER V9.54   KEY_DRIVE                                                             10/06/2023 11:01:56 PAGE 2   

   CODE SIZE        =     98    ----
   CONSTANT SIZE    =   ----    ----
   XDATA SIZE       =      4    ----
   PDATA SIZE       =   ----    ----
   DATA SIZE        =   ----    ----
   IDATA SIZE       =   ----    ----
   BIT SIZE         =   ----    ----
END OF MODULE INFORMATION.


C51 COMPILATION COMPLETE.  0 WARNING(S),  0 ERROR(S)
