C51 COMPILER V9.54   LED_DRIVE                                                             10/06/2023 11:01:56 PAGE 1   


C51 COMPILER V9.54, COMPILATION OF MODULE LED_DRIVE
OBJECT MODULE PLACED IN .\Objects\LED_Drive.obj
COMPILER INVOKED BY: E:\Keil_v4\C51\BIN\C51.EXE C and H\LED_Drive.c OPTIMIZE(8,SPEED) BROWSE INCDIR(.\C and H) DEBUG OBJ
                    -ECTEXTEND PRINT(.\Listings\LED_Drive.lst) OBJECT(.\Objects\LED_Drive.obj)

line level    source

   1          #include "all.h"
   2          
   3          void LED_Ser()
   4          {
   5   1              if(Run_State)
   6   1                      LED_W=LED_Open;
   7   1              else
   8   1                      LED_W=LED_Close;
   9   1      }
  10          //u8 xdata Version_LED_Flag=0;
  11          //u8 xdata State_LED_Flag=0;
  12          
  13          //void Version_LED_Ser()
  14          //{
  15          //      static u16 xdata count=0;
  16          //      if(Version_LED_Flag)
  17          //      {
  18          //              count++;
  19          //              if(count==1)
  20          //              {
  21          //                      LED_W=LED_Close;
  22          //              }
  23          //              if(count==1000)
  24          //              {
  25          //                      LED_W=LED_Open;
  26          //                      
  27          //              }
  28          //              if(count==2000)
  29          //              {
  30          //                      LED_W=LED_Close;
  31          //                      Version_LED_Flag--;
  32          //                      count=0;
  33          //              }
  34          //      }
  35          //}
  36          //void State_LED_Ser()
  37          //{
  38          //      static u16 xdata count=0;
  39          //      if(State_LED_Flag)
  40          //      {
  41          //              count++;
  42          //              if(count==1000)
  43          //              {
  44          //                      LED_W=LED_Close;
  45          //              }
  46          //              if(count==2000)
  47          //              {
  48          //                      LED_W=LED_Open;
  49          //                      State_LED_Flag--;
  50          //                      count=0;
  51          //              }
  52          //      }
  53          //}
  54          //void LED_Ser()
C51 COMPILER V9.54   LED_DRIVE                                                             10/06/2023 11:01:56 PAGE 2   

  55          //{
  56          //      Version_LED_Ser();
  57          //      State_LED_Ser();
  58          //}


MODULE INFORMATION:   STATIC OVERLAYABLE
   CODE SIZE        =     12    ----
   CONSTANT SIZE    =   ----    ----
   XDATA SIZE       =   ----    ----
   PDATA SIZE       =   ----    ----
   DATA SIZE        =   ----    ----
   IDATA SIZE       =   ----    ----
   BIT SIZE         =   ----    ----
END OF MODULE INFORMATION.


C51 COMPILATION COMPLETE.  0 WARNING(S),  0 ERROR(S)
